<?xml version="1.0" encoding="UTF-8"?>
<testsuite xmlns:xsi="http://www.w3.org/2001/XMLSchema-instance" xsi:noNamespaceSchemaLocation="https://maven.apache.org/surefire/maven-surefire-plugin/xsd/surefire-test-report-3.0.xsd" version="3.0" name="com.instagram.login.LoginApplicationTests" time="14.419" tests="1" errors="0" skipped="0" failures="0">
  <properties>
[...]
</properties>
  <testcase name="contextLoads" classname="com.instagram.login.LoginApplicationTests" time="1.197">
    <system-out><![CDATA[01:16:18.277 [main] INFO org.springframework.test.context.support.AnnotationConfigContextLoaderUtils -- Could not detect default configuration classes for test class [com.instagram.login.LoginApplicationTests]: LoginApplicationTests does not declare any static, non-private, non-final, nested classes annotated with @Configuration.
01:16:18.600 [main] INFO org.springframework.boot.test.context.SpringBootTestContextBootstrapper -- Found @SpringBootConfiguration com.instagram.login.LoginApplication for test class com.instagram.login.LoginApplicationTests

  .   ____          _            __ _ _
 /\\ / ___'_ __ _ _(_)_ __  __ _ \ \ \ \
( ( )\___ | '_ | '_| | '_ \/ _` | \ \ \ \
 \\/  ___)| |_)| | | | | || (_| |  ) ) ) )
  '  |____| .__|_| |_|_| |_\__, | / / / /
 =========|_|==============|___/=/_/_/_/

 :: Spring Boot ::                (v3.3.2)

2024-07-29T01:16:19.921+05:30  INFO 15224 --- [login] [           main] c.instagram.login.LoginApplicationTests  : Starting LoginApplicationTests using Java 22.0.1 with PID 15224 (started by tanis in C:\Users\tanis\Downloads\login\login)
2024-07-29T01:16:19.924+05:30  INFO 15224 --- [login] [           main] c.instagram.login.LoginApplicationTests  : No active profile set, falling back to 1 default profile: "default"
2024-07-29T01:16:21.326+05:30  INFO 15224 --- [login] [           main] .s.d.r.c.RepositoryConfigurationDelegate : Multiple Spring Data modules found, entering strict repository configuration mode
2024-07-29T01:16:21.327+05:30  INFO 15224 --- [login] [           main] .s.d.r.c.RepositoryConfigurationDelegate : Bootstrapping Spring Data JPA repositories in DEFAULT mode.
2024-07-29T01:16:21.430+05:30  INFO 15224 --- [login] [           main] .s.d.r.c.RepositoryConfigurationDelegate : Finished Spring Data repository scanning in 71 ms. Found 1 JPA repository interface.
2024-07-29T01:16:22.056+05:30  INFO 15224 --- [login] [           main] .s.d.r.c.RepositoryConfigurationDelegate : Multiple Spring Data modules found, entering strict repository configuration mode
2024-07-29T01:16:22.056+05:30  INFO 15224 --- [login] [           main] .s.d.r.c.RepositoryConfigurationDelegate : Bootstrapping Spring Data JDBC repositories in DEFAULT mode.
2024-07-29T01:16:22.090+05:30  INFO 15224 --- [login] [           main] .RepositoryConfigurationExtensionSupport : Spring Data JDBC - Could not safely identify store assignment for repository candidate interface com.instagram.login.dao.UserRepository; If you want this repository to be a JDBC repository, consider annotating your entities with one of these annotations: org.springframework.data.relational.core.mapping.Table.
2024-07-29T01:16:22.091+05:30  INFO 15224 --- [login] [           main] .s.d.r.c.RepositoryConfigurationDelegate : Finished Spring Data repository scanning in 33 ms. Found 0 JDBC repository interfaces.
2024-07-29T01:16:23.420+05:30  INFO 15224 --- [login] [           main] o.hibernate.jpa.internal.util.LogHelper  : HHH000204: Processing PersistenceUnitInfo [name: default]
2024-07-29T01:16:23.641+05:30  INFO 15224 --- [login] [           main] org.hibernate.Version                    : HHH000412: Hibernate ORM core version 6.5.2.Final
2024-07-29T01:16:23.733+05:30  INFO 15224 --- [login] [           main] o.h.c.internal.RegionFactoryInitiator    : HHH000026: Second-level cache disabled
2024-07-29T01:16:24.626+05:30  INFO 15224 --- [login] [           main] o.s.o.j.p.SpringPersistenceUnitInfo      : No LoadTimeWeaver setup: ignoring JPA class transformer
2024-07-29T01:16:24.696+05:30  INFO 15224 --- [login] [           main] com.zaxxer.hikari.HikariDataSource       : HikariPool-1 - Starting...
2024-07-29T01:16:25.594+05:30  INFO 15224 --- [login] [           main] com.zaxxer.hikari.pool.HikariPool        : HikariPool-1 - Added connection com.mysql.cj.jdbc.ConnectionImpl@79d49790
2024-07-29T01:16:25.597+05:30  INFO 15224 --- [login] [           main] com.zaxxer.hikari.HikariDataSource       : HikariPool-1 - Start completed.
2024-07-29T01:16:25.794+05:30  WARN 15224 --- [login] [           main] org.hibernate.orm.deprecation            : HHH90000025: MySQL8Dialect does not need to be specified explicitly using 'hibernate.dialect' (remove the property setting and it will be selected by default)
2024-07-29T01:16:25.796+05:30  WARN 15224 --- [login] [           main] org.hibernate.orm.deprecation            : HHH90000026: MySQL8Dialect has been deprecated; use org.hibernate.dialect.MySQLDialect instead
2024-07-29T01:16:27.743+05:30  INFO 15224 --- [login] [           main] o.h.e.t.j.p.i.JtaPlatformInitiator       : HHH000489: No JTA platform available (set 'hibernate.transaction.jta.platform' to enable JTA platform integration)
2024-07-29T01:16:27.931+05:30  INFO 15224 --- [login] [           main] j.LocalContainerEntityManagerFactoryBean : Initialized JPA EntityManagerFactory for persistence unit 'default'
2024-07-29T01:16:28.940+05:30  WARN 15224 --- [login] [           main] JpaBaseConfiguration$JpaWebConfiguration : spring.jpa.open-in-view is enabled by default. Therefore, database queries may be performed during view rendering. Explicitly configure spring.jpa.open-in-view to disable this warning
2024-07-29T01:16:29.025+05:30  WARN 15224 --- [login] [           main] .s.s.UserDetailsServiceAutoConfiguration : 

Using generated security password: 29fde985-9010-4f72-acf6-dd1660b9240b

This generated password is for development use only. Your security configuration must be updated before running your application in production.

2024-07-29T01:16:29.050+05:30  INFO 15224 --- [login] [           main] r$InitializeUserDetailsManagerConfigurer : Global AuthenticationManager configured with UserDetailsService bean with name inMemoryUserDetailsManager
2024-07-29T01:16:30.877+05:30  INFO 15224 --- [login] [           main] c.instagram.login.LoginApplicationTests  : Started LoginApplicationTests in 11.913 seconds (process running for 14.418)
]]></system-out>
    <system-err><![CDATA[WARNING: A Java agent has been loaded dynamically (C:\Users\tanis\.m2\repository\net\bytebuddy\byte-buddy-agent\1.14.18\byte-buddy-agent-1.14.18.jar)
WARNING: If a serviceability tool is in use, please run with -XX:+EnableDynamicAgentLoading to hide this warning
WARNING: If a serviceability tool is not in use, please run with -Djdk.instrument.traceUsage for more information
WARNING: Dynamic loading of agents will be disallowed by default in a future release
]]></system-err>
  </testcase>
</testsuite>